CRITICAL - 2023-01-24 20:16:51 --> syntax error, unexpected variable "$post"
in APPPATH\Controllers\Aturan.php on line 61.
 1 SYSTEMPATH\Router\Router.php(499): CodeIgniter\Router\AutoRouter->getRoute('aturan/create')
 2 SYSTEMPATH\Router\Router.php(205): CodeIgniter\Router\Router->autoRoute('aturan/create')
 3 SYSTEMPATH\CodeIgniter.php(800): CodeIgniter\Router\Router->handle('aturan/create')
 4 SYSTEMPATH\CodeIgniter.php(428): CodeIgniter\CodeIgniter->tryToRouteIt(Object(CodeIgniter\Router\RouteCollection))
 5 SYSTEMPATH\CodeIgniter.php(349): CodeIgniter\CodeIgniter->handleRequest(null, Object(Config\Cache), false)
 6 FCPATH\index.php(67): CodeIgniter\CodeIgniter->run()
 7 SYSTEMPATH\Commands\Server\rewrite.php(47): require_once('FCPATH\\index.php')
CRITICAL - 2023-01-24 20:28:18 --> Undefined constant "App\Controllers\kode_aturan"
in APPPATH\Controllers\Aturan.php on line 66.
 1 SYSTEMPATH\CodeIgniter.php(925): App\Controllers\Aturan->create()
 2 SYSTEMPATH\CodeIgniter.php(480): CodeIgniter\CodeIgniter->runController(Object(App\Controllers\Aturan))
 3 SYSTEMPATH\CodeIgniter.php(349): CodeIgniter\CodeIgniter->handleRequest(null, Object(Config\Cache), false)
 4 FCPATH\index.php(67): CodeIgniter\CodeIgniter->run()
 5 SYSTEMPATH\Commands\Server\rewrite.php(47): require_once('FCPATH\\index.php')
ERROR - 2023-01-24 20:28:37 --> mysqli_sql_exception: Unknown column 'aturan.deleted_at' in 'where clause' in D:\php\htdocs\smoove\system\Database\MySQLi\Connection.php:292
Stack trace:
#0 D:\php\htdocs\smoove\system\Database\MySQLi\Connection.php(292): mysqli->query('SELECT COUNT(*)...', 0)
#1 D:\php\htdocs\smoove\system\Database\BaseConnection.php(666): CodeIgniter\Database\MySQLi\Connection->execute('SELECT COUNT(*)...')
#2 D:\php\htdocs\smoove\system\Database\BaseConnection.php(593): CodeIgniter\Database\BaseConnection->simpleQuery('SELECT COUNT(*)...')
#3 D:\php\htdocs\smoove\system\Database\BaseBuilder.php(1669): CodeIgniter\Database\BaseConnection->query('SELECT COUNT(*)...', Array, false)
#4 D:\php\htdocs\smoove\system\Model.php(575): CodeIgniter\Database\BaseBuilder->countAllResults(true)
#5 D:\php\htdocs\smoove\system\Model.php(663): CodeIgniter\Model->countAllResults()
#6 D:\php\htdocs\smoove\system\BaseModel.php(657): CodeIgniter\Model->shouldUpdate(Array)
#7 D:\php\htdocs\smoove\app\Controllers\Aturan.php(67): CodeIgniter\BaseModel->save(Array)
#8 D:\php\htdocs\smoove\system\CodeIgniter.php(925): App\Controllers\Aturan->create()
#9 D:\php\htdocs\smoove\system\CodeIgniter.php(480): CodeIgniter\CodeIgniter->runController(Object(App\Controllers\Aturan))
#10 D:\php\htdocs\smoove\system\CodeIgniter.php(349): CodeIgniter\CodeIgniter->handleRequest(NULL, Object(Config\Cache), false)
#11 D:\php\htdocs\smoove\public\index.php(67): CodeIgniter\CodeIgniter->run()
#12 D:\php\htdocs\smoove\system\Commands\Server\rewrite.php(47): require_once('D:\\php\\htdocs\\s...')
#13 {main}
CRITICAL - 2023-01-24 20:28:37 --> Class "App\Controllers\AturanDetailModel" not found
in APPPATH\Controllers\Aturan.php on line 69.
 1 SYSTEMPATH\CodeIgniter.php(925): App\Controllers\Aturan->create()
 2 SYSTEMPATH\CodeIgniter.php(480): CodeIgniter\CodeIgniter->runController(Object(App\Controllers\Aturan))
 3 SYSTEMPATH\CodeIgniter.php(349): CodeIgniter\CodeIgniter->handleRequest(null, Object(Config\Cache), false)
 4 FCPATH\index.php(67): CodeIgniter\CodeIgniter->run()
 5 SYSTEMPATH\Commands\Server\rewrite.php(47): require_once('FCPATH\\index.php')
ERROR - 2023-01-24 20:28:54 --> mysqli_sql_exception: Unknown column 'aturan.deleted_at' in 'where clause' in D:\php\htdocs\smoove\system\Database\MySQLi\Connection.php:292
Stack trace:
#0 D:\php\htdocs\smoove\system\Database\MySQLi\Connection.php(292): mysqli->query('SELECT COUNT(*)...', 0)
#1 D:\php\htdocs\smoove\system\Database\BaseConnection.php(666): CodeIgniter\Database\MySQLi\Connection->execute('SELECT COUNT(*)...')
#2 D:\php\htdocs\smoove\system\Database\BaseConnection.php(593): CodeIgniter\Database\BaseConnection->simpleQuery('SELECT COUNT(*)...')
#3 D:\php\htdocs\smoove\system\Database\BaseBuilder.php(1669): CodeIgniter\Database\BaseConnection->query('SELECT COUNT(*)...', Array, false)
#4 D:\php\htdocs\smoove\system\Model.php(575): CodeIgniter\Database\BaseBuilder->countAllResults(true)
#5 D:\php\htdocs\smoove\system\Model.php(663): CodeIgniter\Model->countAllResults()
#6 D:\php\htdocs\smoove\system\BaseModel.php(657): CodeIgniter\Model->shouldUpdate(Array)
#7 D:\php\htdocs\smoove\app\Controllers\Aturan.php(67): CodeIgniter\BaseModel->save(Array)
#8 D:\php\htdocs\smoove\system\CodeIgniter.php(925): App\Controllers\Aturan->create()
#9 D:\php\htdocs\smoove\system\CodeIgniter.php(480): CodeIgniter\CodeIgniter->runController(Object(App\Controllers\Aturan))
#10 D:\php\htdocs\smoove\system\CodeIgniter.php(349): CodeIgniter\CodeIgniter->handleRequest(NULL, Object(Config\Cache), false)
#11 D:\php\htdocs\smoove\public\index.php(67): CodeIgniter\CodeIgniter->run()
#12 D:\php\htdocs\smoove\system\Commands\Server\rewrite.php(47): require_once('D:\\php\\htdocs\\s...')
#13 {main}
CRITICAL - 2023-01-24 20:28:54 --> Declaration of App\Models\DetailAturanModel::findAll($kode_aturan) must be compatible with CodeIgniter\BaseModel::findAll(int $limit = 0, int $offset = 0)
in APPPATH\Models\DetailAturanModel.php on line 30.
 1 [internal function]: CodeIgniter\Debug\Exceptions->shutdownHandler()
ERROR - 2023-01-24 20:29:37 --> mysqli_sql_exception: Unknown column 'aturan.deleted_at' in 'where clause' in D:\php\htdocs\smoove\system\Database\MySQLi\Connection.php:292
Stack trace:
#0 D:\php\htdocs\smoove\system\Database\MySQLi\Connection.php(292): mysqli->query('SELECT COUNT(*)...', 0)
#1 D:\php\htdocs\smoove\system\Database\BaseConnection.php(666): CodeIgniter\Database\MySQLi\Connection->execute('SELECT COUNT(*)...')
#2 D:\php\htdocs\smoove\system\Database\BaseConnection.php(593): CodeIgniter\Database\BaseConnection->simpleQuery('SELECT COUNT(*)...')
#3 D:\php\htdocs\smoove\system\Database\BaseBuilder.php(1669): CodeIgniter\Database\BaseConnection->query('SELECT COUNT(*)...', Array, false)
#4 D:\php\htdocs\smoove\system\Model.php(575): CodeIgniter\Database\BaseBuilder->countAllResults(true)
#5 D:\php\htdocs\smoove\system\Model.php(663): CodeIgniter\Model->countAllResults()
#6 D:\php\htdocs\smoove\system\BaseModel.php(657): CodeIgniter\Model->shouldUpdate(Array)
#7 D:\php\htdocs\smoove\app\Controllers\Aturan.php(67): CodeIgniter\BaseModel->save(Array)
#8 D:\php\htdocs\smoove\system\CodeIgniter.php(925): App\Controllers\Aturan->create()
#9 D:\php\htdocs\smoove\system\CodeIgniter.php(480): CodeIgniter\CodeIgniter->runController(Object(App\Controllers\Aturan))
#10 D:\php\htdocs\smoove\system\CodeIgniter.php(349): CodeIgniter\CodeIgniter->handleRequest(NULL, Object(Config\Cache), false)
#11 D:\php\htdocs\smoove\public\index.php(67): CodeIgniter\CodeIgniter->run()
#12 D:\php\htdocs\smoove\system\Commands\Server\rewrite.php(47): require_once('D:\\php\\htdocs\\s...')
#13 {main}
CRITICAL - 2023-01-24 20:29:37 --> Undefined property: stdClass::$sikapas
in APPPATH\Controllers\Aturan.php on line 70.
 1 APPPATH\Controllers\Aturan.php(70): CodeIgniter\Debug\Exceptions->errorHandler(2, 'Undefined property: stdClass::$sikapas', 'APPPATH\\Controllers\\Aturan.php', 70)
 2 SYSTEMPATH\CodeIgniter.php(925): App\Controllers\Aturan->create()
 3 SYSTEMPATH\CodeIgniter.php(480): CodeIgniter\CodeIgniter->runController(Object(App\Controllers\Aturan))
 4 SYSTEMPATH\CodeIgniter.php(349): CodeIgniter\CodeIgniter->handleRequest(null, Object(Config\Cache), false)
 5 FCPATH\index.php(67): CodeIgniter\CodeIgniter->run()
 6 SYSTEMPATH\Commands\Server\rewrite.php(47): require_once('FCPATH\\index.php')
ERROR - 2023-01-24 20:29:59 --> mysqli_sql_exception: Unknown column 'aturan.deleted_at' in 'where clause' in D:\php\htdocs\smoove\system\Database\MySQLi\Connection.php:292
Stack trace:
#0 D:\php\htdocs\smoove\system\Database\MySQLi\Connection.php(292): mysqli->query('SELECT COUNT(*)...', 0)
#1 D:\php\htdocs\smoove\system\Database\BaseConnection.php(666): CodeIgniter\Database\MySQLi\Connection->execute('SELECT COUNT(*)...')
#2 D:\php\htdocs\smoove\system\Database\BaseConnection.php(593): CodeIgniter\Database\BaseConnection->simpleQuery('SELECT COUNT(*)...')
#3 D:\php\htdocs\smoove\system\Database\BaseBuilder.php(1669): CodeIgniter\Database\BaseConnection->query('SELECT COUNT(*)...', Array, false)
#4 D:\php\htdocs\smoove\system\Model.php(575): CodeIgniter\Database\BaseBuilder->countAllResults(true)
#5 D:\php\htdocs\smoove\system\Model.php(663): CodeIgniter\Model->countAllResults()
#6 D:\php\htdocs\smoove\system\BaseModel.php(657): CodeIgniter\Model->shouldUpdate(Array)
#7 D:\php\htdocs\smoove\app\Controllers\Aturan.php(67): CodeIgniter\BaseModel->save(Array)
#8 D:\php\htdocs\smoove\system\CodeIgniter.php(925): App\Controllers\Aturan->create()
#9 D:\php\htdocs\smoove\system\CodeIgniter.php(480): CodeIgniter\CodeIgniter->runController(Object(App\Controllers\Aturan))
#10 D:\php\htdocs\smoove\system\CodeIgniter.php(349): CodeIgniter\CodeIgniter->handleRequest(NULL, Object(Config\Cache), false)
#11 D:\php\htdocs\smoove\public\index.php(67): CodeIgniter\CodeIgniter->run()
#12 D:\php\htdocs\smoove\system\Commands\Server\rewrite.php(47): require_once('D:\\php\\htdocs\\s...')
#13 {main}
ERROR - 2023-01-24 20:29:59 --> mysqli_sql_exception: Unknown column 'kode_sikap' in 'field list' in D:\php\htdocs\smoove\system\Database\MySQLi\Connection.php:292
Stack trace:
#0 D:\php\htdocs\smoove\system\Database\MySQLi\Connection.php(292): mysqli->query('INSERT INTO `at...', 0)
#1 D:\php\htdocs\smoove\system\Database\BaseConnection.php(666): CodeIgniter\Database\MySQLi\Connection->execute('INSERT INTO `at...')
#2 D:\php\htdocs\smoove\system\Database\BaseConnection.php(593): CodeIgniter\Database\BaseConnection->simpleQuery('INSERT INTO `at...')
#3 D:\php\htdocs\smoove\system\Database\BaseBuilder.php(1916): CodeIgniter\Database\BaseConnection->query('INSERT INTO `at...', Array, false)
#4 D:\php\htdocs\smoove\system\Model.php(303): CodeIgniter\Database\BaseBuilder->insert()
#5 D:\php\htdocs\smoove\system\BaseModel.php(750): CodeIgniter\Model->doInsert(Array)
#6 D:\php\htdocs\smoove\system\Model.php(695): CodeIgniter\BaseModel->insert(Array, false)
#7 D:\php\htdocs\smoove\system\BaseModel.php(660): CodeIgniter\Model->insert(Array, false)
#8 D:\php\htdocs\smoove\app\Controllers\Aturan.php(73): CodeIgniter\BaseModel->save(Array)
#9 D:\php\htdocs\smoove\system\CodeIgniter.php(925): App\Controllers\Aturan->create()
#10 D:\php\htdocs\smoove\system\CodeIgniter.php(480): CodeIgniter\CodeIgniter->runController(Object(App\Controllers\Aturan))
#11 D:\php\htdocs\smoove\system\CodeIgniter.php(349): CodeIgniter\CodeIgniter->handleRequest(NULL, Object(Config\Cache), false)
#12 D:\php\htdocs\smoove\public\index.php(67): CodeIgniter\CodeIgniter->run()
#13 D:\php\htdocs\smoove\system\Commands\Server\rewrite.php(47): require_once('D:\\php\\htdocs\\s...')
#14 {main}
ERROR - 2023-01-24 20:29:59 --> mysqli_sql_exception: Unknown column 'kode_sikap' in 'field list' in D:\php\htdocs\smoove\system\Database\MySQLi\Connection.php:292
Stack trace:
#0 D:\php\htdocs\smoove\system\Database\MySQLi\Connection.php(292): mysqli->query('INSERT INTO `at...', 0)
#1 D:\php\htdocs\smoove\system\Database\BaseConnection.php(666): CodeIgniter\Database\MySQLi\Connection->execute('INSERT INTO `at...')
#2 D:\php\htdocs\smoove\system\Database\BaseConnection.php(593): CodeIgniter\Database\BaseConnection->simpleQuery('INSERT INTO `at...')
#3 D:\php\htdocs\smoove\system\Database\BaseBuilder.php(1916): CodeIgniter\Database\BaseConnection->query('INSERT INTO `at...', Array, false)
#4 D:\php\htdocs\smoove\system\Model.php(303): CodeIgniter\Database\BaseBuilder->insert()
#5 D:\php\htdocs\smoove\system\BaseModel.php(750): CodeIgniter\Model->doInsert(Array)
#6 D:\php\htdocs\smoove\system\Model.php(695): CodeIgniter\BaseModel->insert(Array, false)
#7 D:\php\htdocs\smoove\system\BaseModel.php(660): CodeIgniter\Model->insert(Array, false)
#8 D:\php\htdocs\smoove\app\Controllers\Aturan.php(73): CodeIgniter\BaseModel->save(Array)
#9 D:\php\htdocs\smoove\system\CodeIgniter.php(925): App\Controllers\Aturan->create()
#10 D:\php\htdocs\smoove\system\CodeIgniter.php(480): CodeIgniter\CodeIgniter->runController(Object(App\Controllers\Aturan))
#11 D:\php\htdocs\smoove\system\CodeIgniter.php(349): CodeIgniter\CodeIgniter->handleRequest(NULL, Object(Config\Cache), false)
#12 D:\php\htdocs\smoove\public\index.php(67): CodeIgniter\CodeIgniter->run()
#13 D:\php\htdocs\smoove\system\Commands\Server\rewrite.php(47): require_once('D:\\php\\htdocs\\s...')
#14 {main}
ERROR - 2023-01-24 20:29:59 --> mysqli_sql_exception: Unknown column 'aturan.kode_sikap' in 'on clause' in D:\php\htdocs\smoove\system\Database\MySQLi\Connection.php:292
Stack trace:
#0 D:\php\htdocs\smoove\system\Database\MySQLi\Connection.php(292): mysqli->query('SELECT *\nFROM `...', 0)
#1 D:\php\htdocs\smoove\system\Database\BaseConnection.php(666): CodeIgniter\Database\MySQLi\Connection->execute('SELECT *\nFROM `...')
#2 D:\php\htdocs\smoove\system\Database\BaseConnection.php(593): CodeIgniter\Database\BaseConnection->simpleQuery('SELECT *\nFROM `...')
#3 D:\php\htdocs\smoove\system\Database\BaseBuilder.php(1585): CodeIgniter\Database\BaseConnection->query('SELECT *\nFROM `...', Array, false)
#4 D:\php\htdocs\smoove\app\Models\AturanModel.php(72): CodeIgniter\Database\BaseBuilder->get()
#5 D:\php\htdocs\smoove\app\Controllers\Aturan.php(30): App\Models\AturanModel->loadAll()
#6 D:\php\htdocs\smoove\system\CodeIgniter.php(925): App\Controllers\Aturan->index()
#7 D:\php\htdocs\smoove\system\CodeIgniter.php(480): CodeIgniter\CodeIgniter->runController(Object(App\Controllers\Aturan))
#8 D:\php\htdocs\smoove\system\CodeIgniter.php(349): CodeIgniter\CodeIgniter->handleRequest(NULL, Object(Config\Cache), false)
#9 D:\php\htdocs\smoove\public\index.php(67): CodeIgniter\CodeIgniter->run()
#10 D:\php\htdocs\smoove\system\Commands\Server\rewrite.php(47): require_once('D:\\php\\htdocs\\s...')
#11 {main}
CRITICAL - 2023-01-24 20:29:59 --> Call to a member function getResult() on bool
in APPPATH\Models\AturanModel.php on line 73.
 1 APPPATH\Controllers\Aturan.php(30): App\Models\AturanModel->loadAll()
 2 SYSTEMPATH\CodeIgniter.php(925): App\Controllers\Aturan->index()
 3 SYSTEMPATH\CodeIgniter.php(480): CodeIgniter\CodeIgniter->runController(Object(App\Controllers\Aturan))
 4 SYSTEMPATH\CodeIgniter.php(349): CodeIgniter\CodeIgniter->handleRequest(null, Object(Config\Cache), false)
 5 FCPATH\index.php(67): CodeIgniter\CodeIgniter->run()
 6 SYSTEMPATH\Commands\Server\rewrite.php(47): require_once('FCPATH\\index.php')
ERROR - 2023-01-24 20:32:41 --> mysqli_sql_exception: Unknown column 'aturan.deleted_at' in 'where clause' in D:\php\htdocs\smoove\system\Database\MySQLi\Connection.php:292
Stack trace:
#0 D:\php\htdocs\smoove\system\Database\MySQLi\Connection.php(292): mysqli->query('SELECT COUNT(*)...', 0)
#1 D:\php\htdocs\smoove\system\Database\BaseConnection.php(666): CodeIgniter\Database\MySQLi\Connection->execute('SELECT COUNT(*)...')
#2 D:\php\htdocs\smoove\system\Database\BaseConnection.php(593): CodeIgniter\Database\BaseConnection->simpleQuery('SELECT COUNT(*)...')
#3 D:\php\htdocs\smoove\system\Database\BaseBuilder.php(1669): CodeIgniter\Database\BaseConnection->query('SELECT COUNT(*)...', Array, false)
#4 D:\php\htdocs\smoove\system\Model.php(575): CodeIgniter\Database\BaseBuilder->countAllResults(true)
#5 D:\php\htdocs\smoove\system\Model.php(663): CodeIgniter\Model->countAllResults()
#6 D:\php\htdocs\smoove\system\BaseModel.php(657): CodeIgniter\Model->shouldUpdate(Array)
#7 D:\php\htdocs\smoove\app\Controllers\Aturan.php(67): CodeIgniter\BaseModel->save(Array)
#8 D:\php\htdocs\smoove\system\CodeIgniter.php(925): App\Controllers\Aturan->create()
#9 D:\php\htdocs\smoove\system\CodeIgniter.php(480): CodeIgniter\CodeIgniter->runController(Object(App\Controllers\Aturan))
#10 D:\php\htdocs\smoove\system\CodeIgniter.php(349): CodeIgniter\CodeIgniter->handleRequest(NULL, Object(Config\Cache), false)
#11 D:\php\htdocs\smoove\public\index.php(67): CodeIgniter\CodeIgniter->run()
#12 D:\php\htdocs\smoove\system\Commands\Server\rewrite.php(47): require_once('D:\\php\\htdocs\\s...')
#13 {main}
ERROR - 2023-01-24 20:32:41 --> mysqli_sql_exception: Unknown column 'kode_sikap' in 'field list' in D:\php\htdocs\smoove\system\Database\MySQLi\Connection.php:292
Stack trace:
#0 D:\php\htdocs\smoove\system\Database\MySQLi\Connection.php(292): mysqli->query('INSERT INTO `at...', 0)
#1 D:\php\htdocs\smoove\system\Database\BaseConnection.php(666): CodeIgniter\Database\MySQLi\Connection->execute('INSERT INTO `at...')
#2 D:\php\htdocs\smoove\system\Database\BaseConnection.php(593): CodeIgniter\Database\BaseConnection->simpleQuery('INSERT INTO `at...')
#3 D:\php\htdocs\smoove\system\Database\BaseBuilder.php(1916): CodeIgniter\Database\BaseConnection->query('INSERT INTO `at...', Array, false)
#4 D:\php\htdocs\smoove\system\Model.php(303): CodeIgniter\Database\BaseBuilder->insert()
#5 D:\php\htdocs\smoove\system\BaseModel.php(750): CodeIgniter\Model->doInsert(Array)
#6 D:\php\htdocs\smoove\system\Model.php(695): CodeIgniter\BaseModel->insert(Array, false)
#7 D:\php\htdocs\smoove\system\BaseModel.php(660): CodeIgniter\Model->insert(Array, false)
#8 D:\php\htdocs\smoove\app\Controllers\Aturan.php(73): CodeIgniter\BaseModel->save(Array)
#9 D:\php\htdocs\smoove\system\CodeIgniter.php(925): App\Controllers\Aturan->create()
#10 D:\php\htdocs\smoove\system\CodeIgniter.php(480): CodeIgniter\CodeIgniter->runController(Object(App\Controllers\Aturan))
#11 D:\php\htdocs\smoove\system\CodeIgniter.php(349): CodeIgniter\CodeIgniter->handleRequest(NULL, Object(Config\Cache), false)
#12 D:\php\htdocs\smoove\public\index.php(67): CodeIgniter\CodeIgniter->run()
#13 D:\php\htdocs\smoove\system\Commands\Server\rewrite.php(47): require_once('D:\\php\\htdocs\\s...')
#14 {main}
ERROR - 2023-01-24 20:33:27 --> mysqli_sql_exception: Unknown column 'aturan.deleted_at' in 'where clause' in D:\php\htdocs\smoove\system\Database\MySQLi\Connection.php:292
Stack trace:
#0 D:\php\htdocs\smoove\system\Database\MySQLi\Connection.php(292): mysqli->query('SELECT COUNT(*)...', 0)
#1 D:\php\htdocs\smoove\system\Database\BaseConnection.php(666): CodeIgniter\Database\MySQLi\Connection->execute('SELECT COUNT(*)...')
#2 D:\php\htdocs\smoove\system\Database\BaseConnection.php(593): CodeIgniter\Database\BaseConnection->simpleQuery('SELECT COUNT(*)...')
#3 D:\php\htdocs\smoove\system\Database\BaseBuilder.php(1669): CodeIgniter\Database\BaseConnection->query('SELECT COUNT(*)...', Array, false)
#4 D:\php\htdocs\smoove\system\Model.php(575): CodeIgniter\Database\BaseBuilder->countAllResults(true)
#5 D:\php\htdocs\smoove\system\Model.php(663): CodeIgniter\Model->countAllResults()
#6 D:\php\htdocs\smoove\system\BaseModel.php(657): CodeIgniter\Model->shouldUpdate(Array)
#7 D:\php\htdocs\smoove\app\Controllers\Aturan.php(67): CodeIgniter\BaseModel->save(Array)
#8 D:\php\htdocs\smoove\system\CodeIgniter.php(925): App\Controllers\Aturan->create()
#9 D:\php\htdocs\smoove\system\CodeIgniter.php(480): CodeIgniter\CodeIgniter->runController(Object(App\Controllers\Aturan))
#10 D:\php\htdocs\smoove\system\CodeIgniter.php(349): CodeIgniter\CodeIgniter->handleRequest(NULL, Object(Config\Cache), false)
#11 D:\php\htdocs\smoove\public\index.php(67): CodeIgniter\CodeIgniter->run()
#12 D:\php\htdocs\smoove\system\Commands\Server\rewrite.php(47): require_once('D:\\php\\htdocs\\s...')
#13 {main}
ERROR - 2023-01-24 20:33:43 --> mysqli_sql_exception: Unknown column 'aturan.deleted_at' in 'where clause' in D:\php\htdocs\smoove\system\Database\MySQLi\Connection.php:292
Stack trace:
#0 D:\php\htdocs\smoove\system\Database\MySQLi\Connection.php(292): mysqli->query('SELECT COUNT(*)...', 0)
#1 D:\php\htdocs\smoove\system\Database\BaseConnection.php(666): CodeIgniter\Database\MySQLi\Connection->execute('SELECT COUNT(*)...')
#2 D:\php\htdocs\smoove\system\Database\BaseConnection.php(593): CodeIgniter\Database\BaseConnection->simpleQuery('SELECT COUNT(*)...')
#3 D:\php\htdocs\smoove\system\Database\BaseBuilder.php(1669): CodeIgniter\Database\BaseConnection->query('SELECT COUNT(*)...', Array, false)
#4 D:\php\htdocs\smoove\system\Model.php(575): CodeIgniter\Database\BaseBuilder->countAllResults(true)
#5 D:\php\htdocs\smoove\system\Model.php(663): CodeIgniter\Model->countAllResults()
#6 D:\php\htdocs\smoove\system\BaseModel.php(657): CodeIgniter\Model->shouldUpdate(Array)
#7 D:\php\htdocs\smoove\app\Controllers\Aturan.php(67): CodeIgniter\BaseModel->save(Array)
#8 D:\php\htdocs\smoove\system\CodeIgniter.php(925): App\Controllers\Aturan->create()
#9 D:\php\htdocs\smoove\system\CodeIgniter.php(480): CodeIgniter\CodeIgniter->runController(Object(App\Controllers\Aturan))
#10 D:\php\htdocs\smoove\system\CodeIgniter.php(349): CodeIgniter\CodeIgniter->handleRequest(NULL, Object(Config\Cache), false)
#11 D:\php\htdocs\smoove\public\index.php(67): CodeIgniter\CodeIgniter->run()
#12 D:\php\htdocs\smoove\system\Commands\Server\rewrite.php(47): require_once('D:\\php\\htdocs\\s...')
#13 {main}
ERROR - 2023-01-24 20:33:43 --> mysqli_sql_exception: Unknown column 'aturan.kode_sikap' in 'on clause' in D:\php\htdocs\smoove\system\Database\MySQLi\Connection.php:292
Stack trace:
#0 D:\php\htdocs\smoove\system\Database\MySQLi\Connection.php(292): mysqli->query('SELECT *\nFROM `...', 0)
#1 D:\php\htdocs\smoove\system\Database\BaseConnection.php(666): CodeIgniter\Database\MySQLi\Connection->execute('SELECT *\nFROM `...')
#2 D:\php\htdocs\smoove\system\Database\BaseConnection.php(593): CodeIgniter\Database\BaseConnection->simpleQuery('SELECT *\nFROM `...')
#3 D:\php\htdocs\smoove\system\Database\BaseBuilder.php(1585): CodeIgniter\Database\BaseConnection->query('SELECT *\nFROM `...', Array, false)
#4 D:\php\htdocs\smoove\app\Models\AturanModel.php(72): CodeIgniter\Database\BaseBuilder->get()
#5 D:\php\htdocs\smoove\app\Controllers\Aturan.php(30): App\Models\AturanModel->loadAll()
#6 D:\php\htdocs\smoove\system\CodeIgniter.php(925): App\Controllers\Aturan->index()
#7 D:\php\htdocs\smoove\system\CodeIgniter.php(480): CodeIgniter\CodeIgniter->runController(Object(App\Controllers\Aturan))
#8 D:\php\htdocs\smoove\system\CodeIgniter.php(349): CodeIgniter\CodeIgniter->handleRequest(NULL, Object(Config\Cache), false)
#9 D:\php\htdocs\smoove\public\index.php(67): CodeIgniter\CodeIgniter->run()
#10 D:\php\htdocs\smoove\system\Commands\Server\rewrite.php(47): require_once('D:\\php\\htdocs\\s...')
#11 {main}
CRITICAL - 2023-01-24 20:33:43 --> Call to a member function getResult() on bool
in APPPATH\Models\AturanModel.php on line 73.
 1 APPPATH\Controllers\Aturan.php(30): App\Models\AturanModel->loadAll()
 2 SYSTEMPATH\CodeIgniter.php(925): App\Controllers\Aturan->index()
 3 SYSTEMPATH\CodeIgniter.php(480): CodeIgniter\CodeIgniter->runController(Object(App\Controllers\Aturan))
 4 SYSTEMPATH\CodeIgniter.php(349): CodeIgniter\CodeIgniter->handleRequest(null, Object(Config\Cache), false)
 5 FCPATH\index.php(67): CodeIgniter\CodeIgniter->run()
 6 SYSTEMPATH\Commands\Server\rewrite.php(47): require_once('FCPATH\\index.php')
CRITICAL - 2023-01-24 20:35:24 --> syntax error, unexpected variable "$data", expecting "function" or "const"
in APPPATH\Controllers\Aturan.php on line 37.
 1 SYSTEMPATH\Router\Router.php(499): CodeIgniter\Router\AutoRouter->getRoute('aturan/index')
 2 SYSTEMPATH\Router\Router.php(205): CodeIgniter\Router\Router->autoRoute('aturan/index')
 3 SYSTEMPATH\CodeIgniter.php(800): CodeIgniter\Router\Router->handle('aturan/index')
 4 SYSTEMPATH\CodeIgniter.php(428): CodeIgniter\CodeIgniter->tryToRouteIt(Object(CodeIgniter\Router\RouteCollection))
 5 SYSTEMPATH\CodeIgniter.php(349): CodeIgniter\CodeIgniter->handleRequest(null, Object(Config\Cache), false)
 6 FCPATH\index.php(67): CodeIgniter\CodeIgniter->run()
 7 SYSTEMPATH\Commands\Server\rewrite.php(47): require_once('FCPATH\\index.php')
ERROR - 2023-01-24 20:35:32 --> mysqli_sql_exception: Unknown column 'aturan.kode_sikap' in 'on clause' in D:\php\htdocs\smoove\system\Database\MySQLi\Connection.php:292
Stack trace:
#0 D:\php\htdocs\smoove\system\Database\MySQLi\Connection.php(292): mysqli->query('SELECT *\nFROM `...', 0)
#1 D:\php\htdocs\smoove\system\Database\BaseConnection.php(666): CodeIgniter\Database\MySQLi\Connection->execute('SELECT *\nFROM `...')
#2 D:\php\htdocs\smoove\system\Database\BaseConnection.php(593): CodeIgniter\Database\BaseConnection->simpleQuery('SELECT *\nFROM `...')
#3 D:\php\htdocs\smoove\system\Database\BaseBuilder.php(1585): CodeIgniter\Database\BaseConnection->query('SELECT *\nFROM `...', Array, false)
#4 D:\php\htdocs\smoove\app\Models\AturanModel.php(72): CodeIgniter\Database\BaseBuilder->get()
#5 D:\php\htdocs\smoove\app\Controllers\Aturan.php(31): App\Models\AturanModel->loadAll()
#6 D:\php\htdocs\smoove\system\CodeIgniter.php(925): App\Controllers\Aturan->index()
#7 D:\php\htdocs\smoove\system\CodeIgniter.php(480): CodeIgniter\CodeIgniter->runController(Object(App\Controllers\Aturan))
#8 D:\php\htdocs\smoove\system\CodeIgniter.php(349): CodeIgniter\CodeIgniter->handleRequest(NULL, Object(Config\Cache), false)
#9 D:\php\htdocs\smoove\public\index.php(67): CodeIgniter\CodeIgniter->run()
#10 D:\php\htdocs\smoove\system\Commands\Server\rewrite.php(47): require_once('D:\\php\\htdocs\\s...')
#11 {main}
CRITICAL - 2023-01-24 20:35:32 --> Call to a member function getResult() on bool
in APPPATH\Models\AturanModel.php on line 73.
 1 APPPATH\Controllers\Aturan.php(31): App\Models\AturanModel->loadAll()
 2 SYSTEMPATH\CodeIgniter.php(925): App\Controllers\Aturan->index()
 3 SYSTEMPATH\CodeIgniter.php(480): CodeIgniter\CodeIgniter->runController(Object(App\Controllers\Aturan))
 4 SYSTEMPATH\CodeIgniter.php(349): CodeIgniter\CodeIgniter->handleRequest(null, Object(Config\Cache), false)
 5 FCPATH\index.php(67): CodeIgniter\CodeIgniter->run()
 6 SYSTEMPATH\Commands\Server\rewrite.php(47): require_once('FCPATH\\index.php')
CRITICAL - 2023-01-24 20:36:20 --> Undefined property: stdClass::$aturans
in APPPATH\Views\aturan\index.php on line 79.
 1 APPPATH\Views\aturan\index.php(79): CodeIgniter\Debug\Exceptions->errorHandler(2, 'Undefined property: stdClass::$aturans', 'APPPATH\\Views\\aturan\\index.php', 79)
 2 SYSTEMPATH\View\View.php(213): include('APPPATH\\Views\\aturan\\index.php')
 3 SYSTEMPATH\View\View.php(216): CodeIgniter\View\View->CodeIgniter\View\{closure}()
 4 SYSTEMPATH\Common.php(1135): CodeIgniter\View\View->render('aturan/index', [], true)
 5 APPPATH\Controllers\Aturan.php(38): view('aturan/index', [...])
 6 SYSTEMPATH\CodeIgniter.php(925): App\Controllers\Aturan->index()
 7 SYSTEMPATH\CodeIgniter.php(480): CodeIgniter\CodeIgniter->runController(Object(App\Controllers\Aturan))
 8 SYSTEMPATH\CodeIgniter.php(349): CodeIgniter\CodeIgniter->handleRequest(null, Object(Config\Cache), false)
 9 FCPATH\index.php(67): CodeIgniter\CodeIgniter->run()
10 SYSTEMPATH\Commands\Server\rewrite.php(47): require_once('FCPATH\\index.php')
CRITICAL - 2023-01-24 20:39:01 --> Undefined property: stdClass::$kode_sikap
in APPPATH\Views\aturan\update.php on line 61.
 1 APPPATH\Views\aturan\update.php(61): CodeIgniter\Debug\Exceptions->errorHandler(2, 'Undefined property: stdClass::$kode_sikap', 'APPPATH\\Views\\aturan\\update.php', 61)
 2 SYSTEMPATH\View\View.php(213): include('APPPATH\\Views\\aturan\\update.php')
 3 SYSTEMPATH\View\View.php(216): CodeIgniter\View\View->CodeIgniter\View\{closure}()
 4 SYSTEMPATH\Common.php(1135): CodeIgniter\View\View->render('aturan/update', [], true)
 5 APPPATH\Controllers\Aturan.php(135): view('aturan/update', [...])
 6 SYSTEMPATH\CodeIgniter.php(925): App\Controllers\Aturan->update('A01')
 7 SYSTEMPATH\CodeIgniter.php(480): CodeIgniter\CodeIgniter->runController(Object(App\Controllers\Aturan))
 8 SYSTEMPATH\CodeIgniter.php(349): CodeIgniter\CodeIgniter->handleRequest(null, Object(Config\Cache), false)
 9 FCPATH\index.php(67): CodeIgniter\CodeIgniter->run()
10 SYSTEMPATH\Commands\Server\rewrite.php(47): require_once('FCPATH\\index.php')
CRITICAL - 2023-01-24 20:41:38 --> Undefined variable $sikap
in APPPATH\Views\aturan\update.php on line 60.
 1 APPPATH\Views\aturan\update.php(60): CodeIgniter\Debug\Exceptions->errorHandler(2, 'Undefined variable $sikap', 'APPPATH\\Views\\aturan\\update.php', 60)
 2 SYSTEMPATH\View\View.php(213): include('APPPATH\\Views\\aturan\\update.php')
 3 SYSTEMPATH\View\View.php(216): CodeIgniter\View\View->CodeIgniter\View\{closure}()
 4 SYSTEMPATH\Common.php(1135): CodeIgniter\View\View->render('aturan/update', [], true)
 5 APPPATH\Controllers\Aturan.php(135): view('aturan/update', [...])
 6 SYSTEMPATH\CodeIgniter.php(925): App\Controllers\Aturan->update('A01')
 7 SYSTEMPATH\CodeIgniter.php(480): CodeIgniter\CodeIgniter->runController(Object(App\Controllers\Aturan))
 8 SYSTEMPATH\CodeIgniter.php(349): CodeIgniter\CodeIgniter->handleRequest(null, Object(Config\Cache), false)
 9 FCPATH\index.php(67): CodeIgniter\CodeIgniter->run()
10 SYSTEMPATH\Commands\Server\rewrite.php(47): require_once('FCPATH\\index.php')
CRITICAL - 2023-01-24 20:41:40 --> Undefined variable $sikap
in APPPATH\Views\aturan\update.php on line 60.
 1 APPPATH\Views\aturan\update.php(60): CodeIgniter\Debug\Exceptions->errorHandler(2, 'Undefined variable $sikap', 'APPPATH\\Views\\aturan\\update.php', 60)
 2 SYSTEMPATH\View\View.php(213): include('APPPATH\\Views\\aturan\\update.php')
 3 SYSTEMPATH\View\View.php(216): CodeIgniter\View\View->CodeIgniter\View\{closure}()
 4 SYSTEMPATH\Common.php(1135): CodeIgniter\View\View->render('aturan/update', [], true)
 5 APPPATH\Controllers\Aturan.php(135): view('aturan/update', [...])
 6 SYSTEMPATH\CodeIgniter.php(925): App\Controllers\Aturan->update('A01')
 7 SYSTEMPATH\CodeIgniter.php(480): CodeIgniter\CodeIgniter->runController(Object(App\Controllers\Aturan))
 8 SYSTEMPATH\CodeIgniter.php(349): CodeIgniter\CodeIgniter->handleRequest(null, Object(Config\Cache), false)
 9 FCPATH\index.php(67): CodeIgniter\CodeIgniter->run()
10 SYSTEMPATH\Commands\Server\rewrite.php(47): require_once('FCPATH\\index.php')
CRITICAL - 2023-01-24 20:41:54 --> Undefined variable $sikap
in APPPATH\Views\aturan\update.php on line 60.
 1 APPPATH\Views\aturan\update.php(60): CodeIgniter\Debug\Exceptions->errorHandler(2, 'Undefined variable $sikap', 'APPPATH\\Views\\aturan\\update.php', 60)
 2 SYSTEMPATH\View\View.php(213): include('APPPATH\\Views\\aturan\\update.php')
 3 SYSTEMPATH\View\View.php(216): CodeIgniter\View\View->CodeIgniter\View\{closure}()
 4 SYSTEMPATH\Common.php(1135): CodeIgniter\View\View->render('aturan/update', [], true)
 5 APPPATH\Controllers\Aturan.php(135): view('aturan/update', [...])
 6 SYSTEMPATH\CodeIgniter.php(925): App\Controllers\Aturan->update('A01')
 7 SYSTEMPATH\CodeIgniter.php(480): CodeIgniter\CodeIgniter->runController(Object(App\Controllers\Aturan))
 8 SYSTEMPATH\CodeIgniter.php(349): CodeIgniter\CodeIgniter->handleRequest(null, Object(Config\Cache), false)
 9 FCPATH\index.php(67): CodeIgniter\CodeIgniter->run()
10 SYSTEMPATH\Commands\Server\rewrite.php(47): require_once('FCPATH\\index.php')
CRITICAL - 2023-01-24 20:42:38 --> Undefined variable $permasalahan
in APPPATH\Views\aturan\update.php on line 60.
 1 APPPATH\Views\aturan\update.php(60): CodeIgniter\Debug\Exceptions->errorHandler(2, 'Undefined variable $permasalahan', 'APPPATH\\Views\\aturan\\update.php', 60)
 2 SYSTEMPATH\View\View.php(213): include('APPPATH\\Views\\aturan\\update.php')
 3 SYSTEMPATH\View\View.php(216): CodeIgniter\View\View->CodeIgniter\View\{closure}()
 4 SYSTEMPATH\Common.php(1135): CodeIgniter\View\View->render('aturan/update', [], true)
 5 APPPATH\Controllers\Aturan.php(135): view('aturan/update', [...])
 6 SYSTEMPATH\CodeIgniter.php(925): App\Controllers\Aturan->update('A01')
 7 SYSTEMPATH\CodeIgniter.php(480): CodeIgniter\CodeIgniter->runController(Object(App\Controllers\Aturan))
 8 SYSTEMPATH\CodeIgniter.php(349): CodeIgniter\CodeIgniter->handleRequest(null, Object(Config\Cache), false)
 9 FCPATH\index.php(67): CodeIgniter\CodeIgniter->run()
10 SYSTEMPATH\Commands\Server\rewrite.php(47): require_once('FCPATH\\index.php')
CRITICAL - 2023-01-24 20:43:01 --> Undefined variable $sikap
in APPPATH\Views\aturan\update.php on line 73.
 1 APPPATH\Views\aturan\update.php(73): CodeIgniter\Debug\Exceptions->errorHandler(2, 'Undefined variable $sikap', 'APPPATH\\Views\\aturan\\update.php', 73)
 2 SYSTEMPATH\View\View.php(213): include('APPPATH\\Views\\aturan\\update.php')
 3 SYSTEMPATH\View\View.php(216): CodeIgniter\View\View->CodeIgniter\View\{closure}()
 4 SYSTEMPATH\Common.php(1135): CodeIgniter\View\View->render('aturan/update', [], true)
 5 APPPATH\Controllers\Aturan.php(135): view('aturan/update', [...])
 6 SYSTEMPATH\CodeIgniter.php(925): App\Controllers\Aturan->update('A01')
 7 SYSTEMPATH\CodeIgniter.php(480): CodeIgniter\CodeIgniter->runController(Object(App\Controllers\Aturan))
 8 SYSTEMPATH\CodeIgniter.php(349): CodeIgniter\CodeIgniter->handleRequest(null, Object(Config\Cache), false)
 9 FCPATH\index.php(67): CodeIgniter\CodeIgniter->run()
10 SYSTEMPATH\Commands\Server\rewrite.php(47): require_once('FCPATH\\index.php')
CRITICAL - 2023-01-24 20:43:02 --> Undefined variable $sikap
in APPPATH\Views\aturan\update.php on line 73.
 1 APPPATH\Views\aturan\update.php(73): CodeIgniter\Debug\Exceptions->errorHandler(2, 'Undefined variable $sikap', 'APPPATH\\Views\\aturan\\update.php', 73)
 2 SYSTEMPATH\View\View.php(213): include('APPPATH\\Views\\aturan\\update.php')
 3 SYSTEMPATH\View\View.php(216): CodeIgniter\View\View->CodeIgniter\View\{closure}()
 4 SYSTEMPATH\Common.php(1135): CodeIgniter\View\View->render('aturan/update', [], true)
 5 APPPATH\Controllers\Aturan.php(135): view('aturan/update', [...])
 6 SYSTEMPATH\CodeIgniter.php(925): App\Controllers\Aturan->update('A01')
 7 SYSTEMPATH\CodeIgniter.php(480): CodeIgniter\CodeIgniter->runController(Object(App\Controllers\Aturan))
 8 SYSTEMPATH\CodeIgniter.php(349): CodeIgniter\CodeIgniter->handleRequest(null, Object(Config\Cache), false)
 9 FCPATH\index.php(67): CodeIgniter\CodeIgniter->run()
10 SYSTEMPATH\Commands\Server\rewrite.php(47): require_once('FCPATH\\index.php')
CRITICAL - 2023-01-24 20:45:34 --> syntax error, unexpected end of file
in APPPATH\Views\aturan\update.php on line 132.
 1 SYSTEMPATH\View\View.php(216): CodeIgniter\View\View->CodeIgniter\View\{closure}()
 2 SYSTEMPATH\Common.php(1135): CodeIgniter\View\View->render('aturan/update', [], true)
 3 APPPATH\Controllers\Aturan.php(139): view('aturan/update', [...])
 4 SYSTEMPATH\CodeIgniter.php(925): App\Controllers\Aturan->update('A01')
 5 SYSTEMPATH\CodeIgniter.php(480): CodeIgniter\CodeIgniter->runController(Object(App\Controllers\Aturan))
 6 SYSTEMPATH\CodeIgniter.php(349): CodeIgniter\CodeIgniter->handleRequest(null, Object(Config\Cache), false)
 7 FCPATH\index.php(67): CodeIgniter\CodeIgniter->run()
 8 SYSTEMPATH\Commands\Server\rewrite.php(47): require_once('FCPATH\\index.php')
CRITICAL - 2023-01-24 20:45:38 --> syntax error, unexpected end of file
in APPPATH\Views\aturan\update.php on line 132.
 1 SYSTEMPATH\View\View.php(216): CodeIgniter\View\View->CodeIgniter\View\{closure}()
 2 SYSTEMPATH\Common.php(1135): CodeIgniter\View\View->render('aturan/update', [], true)
 3 APPPATH\Controllers\Aturan.php(139): view('aturan/update', [...])
 4 SYSTEMPATH\CodeIgniter.php(925): App\Controllers\Aturan->update('A01')
 5 SYSTEMPATH\CodeIgniter.php(480): CodeIgniter\CodeIgniter->runController(Object(App\Controllers\Aturan))
 6 SYSTEMPATH\CodeIgniter.php(349): CodeIgniter\CodeIgniter->handleRequest(null, Object(Config\Cache), false)
 7 FCPATH\index.php(67): CodeIgniter\CodeIgniter->run()
 8 SYSTEMPATH\Commands\Server\rewrite.php(47): require_once('FCPATH\\index.php')
CRITICAL - 2023-01-24 20:46:45 --> Undefined property: stdClass::$aturans
in APPPATH\Views\aturan\update.php on line 79.
 1 APPPATH\Views\aturan\update.php(79): CodeIgniter\Debug\Exceptions->errorHandler(2, 'Undefined property: stdClass::$aturans', 'APPPATH\\Views\\aturan\\update.php', 79)
 2 SYSTEMPATH\View\View.php(213): include('APPPATH\\Views\\aturan\\update.php')
 3 SYSTEMPATH\View\View.php(216): CodeIgniter\View\View->CodeIgniter\View\{closure}()
 4 SYSTEMPATH\Common.php(1135): CodeIgniter\View\View->render('aturan/update', [], true)
 5 APPPATH\Controllers\Aturan.php(139): view('aturan/update', [...])
 6 SYSTEMPATH\CodeIgniter.php(925): App\Controllers\Aturan->update('A01')
 7 SYSTEMPATH\CodeIgniter.php(480): CodeIgniter\CodeIgniter->runController(Object(App\Controllers\Aturan))
 8 SYSTEMPATH\CodeIgniter.php(349): CodeIgniter\CodeIgniter->handleRequest(null, Object(Config\Cache), false)
 9 FCPATH\index.php(67): CodeIgniter\CodeIgniter->run()
10 SYSTEMPATH\Commands\Server\rewrite.php(47): require_once('FCPATH\\index.php')
CRITICAL - 2023-01-24 20:47:03 --> Undefined property: stdClass::$aturans
in APPPATH\Views\aturan\update.php on line 79.
 1 APPPATH\Views\aturan\update.php(79): CodeIgniter\Debug\Exceptions->errorHandler(2, 'Undefined property: stdClass::$aturans', 'APPPATH\\Views\\aturan\\update.php', 79)
 2 SYSTEMPATH\View\View.php(213): include('APPPATH\\Views\\aturan\\update.php')
 3 SYSTEMPATH\View\View.php(216): CodeIgniter\View\View->CodeIgniter\View\{closure}()
 4 SYSTEMPATH\Common.php(1135): CodeIgniter\View\View->render('aturan/update', [], true)
 5 APPPATH\Controllers\Aturan.php(139): view('aturan/update', [...])
 6 SYSTEMPATH\CodeIgniter.php(925): App\Controllers\Aturan->update('A01')
 7 SYSTEMPATH\CodeIgniter.php(480): CodeIgniter\CodeIgniter->runController(Object(App\Controllers\Aturan))
 8 SYSTEMPATH\CodeIgniter.php(349): CodeIgniter\CodeIgniter->handleRequest(null, Object(Config\Cache), false)
 9 FCPATH\index.php(67): CodeIgniter\CodeIgniter->run()
10 SYSTEMPATH\Commands\Server\rewrite.php(47): require_once('FCPATH\\index.php')
CRITICAL - 2023-01-24 20:47:04 --> Undefined property: stdClass::$aturans
in APPPATH\Views\aturan\update.php on line 79.
 1 APPPATH\Views\aturan\update.php(79): CodeIgniter\Debug\Exceptions->errorHandler(2, 'Undefined property: stdClass::$aturans', 'APPPATH\\Views\\aturan\\update.php', 79)
 2 SYSTEMPATH\View\View.php(213): include('APPPATH\\Views\\aturan\\update.php')
 3 SYSTEMPATH\View\View.php(216): CodeIgniter\View\View->CodeIgniter\View\{closure}()
 4 SYSTEMPATH\Common.php(1135): CodeIgniter\View\View->render('aturan/update', [], true)
 5 APPPATH\Controllers\Aturan.php(139): view('aturan/update', [...])
 6 SYSTEMPATH\CodeIgniter.php(925): App\Controllers\Aturan->update('A01')
 7 SYSTEMPATH\CodeIgniter.php(480): CodeIgniter\CodeIgniter->runController(Object(App\Controllers\Aturan))
 8 SYSTEMPATH\CodeIgniter.php(349): CodeIgniter\CodeIgniter->handleRequest(null, Object(Config\Cache), false)
 9 FCPATH\index.php(67): CodeIgniter\CodeIgniter->run()
10 SYSTEMPATH\Commands\Server\rewrite.php(47): require_once('FCPATH\\index.php')
CRITICAL - 2023-01-24 20:47:09 --> Undefined property: stdClass::$aturans
in APPPATH\Views\aturan\update.php on line 79.
 1 APPPATH\Views\aturan\update.php(79): CodeIgniter\Debug\Exceptions->errorHandler(2, 'Undefined property: stdClass::$aturans', 'APPPATH\\Views\\aturan\\update.php', 79)
 2 SYSTEMPATH\View\View.php(213): include('APPPATH\\Views\\aturan\\update.php')
 3 SYSTEMPATH\View\View.php(216): CodeIgniter\View\View->CodeIgniter\View\{closure}()
 4 SYSTEMPATH\Common.php(1135): CodeIgniter\View\View->render('aturan/update', [], true)
 5 APPPATH\Controllers\Aturan.php(139): view('aturan/update', [...])
 6 SYSTEMPATH\CodeIgniter.php(925): App\Controllers\Aturan->update('A01')
 7 SYSTEMPATH\CodeIgniter.php(480): CodeIgniter\CodeIgniter->runController(Object(App\Controllers\Aturan))
 8 SYSTEMPATH\CodeIgniter.php(349): CodeIgniter\CodeIgniter->handleRequest(null, Object(Config\Cache), false)
 9 FCPATH\index.php(67): CodeIgniter\CodeIgniter->run()
10 SYSTEMPATH\Commands\Server\rewrite.php(47): require_once('FCPATH\\index.php')
CRITICAL - 2023-01-24 20:54:00 --> Undefined property: stdClass::$kode_sikap
in APPPATH\Controllers\Konsultasi.php on line 117.
 1 APPPATH\Controllers\Konsultasi.php(117): CodeIgniter\Debug\Exceptions->errorHandler(2, 'Undefined property: stdClass::$kode_sikap', 'APPPATH\\Controllers\\Konsultasi.php', 117)
 2 SYSTEMPATH\CodeIgniter.php(925): App\Controllers\Konsultasi->hasil('1')
 3 SYSTEMPATH\CodeIgniter.php(480): CodeIgniter\CodeIgniter->runController(Object(App\Controllers\Konsultasi))
 4 SYSTEMPATH\CodeIgniter.php(349): CodeIgniter\CodeIgniter->handleRequest(null, Object(Config\Cache), false)
 5 FCPATH\index.php(67): CodeIgniter\CodeIgniter->run()
 6 SYSTEMPATH\Commands\Server\rewrite.php(47): require_once('FCPATH\\index.php')
CRITICAL - 2023-01-24 21:05:21 --> Undefined property: stdClass::$pilihans
in APPPATH\Views\konsultasi\hasil.php on line 69.
 1 APPPATH\Views\konsultasi\hasil.php(69): CodeIgniter\Debug\Exceptions->errorHandler(2, 'Undefined property: stdClass::$pilihans', 'APPPATH\\Views\\konsultasi\\hasil.php', 69)
 2 SYSTEMPATH\View\View.php(213): include('APPPATH\\Views\\konsultasi\\hasil.php')
 3 SYSTEMPATH\View\View.php(216): CodeIgniter\View\View->CodeIgniter\View\{closure}()
 4 SYSTEMPATH\Common.php(1135): CodeIgniter\View\View->render('konsultasi/hasil', [], true)
 5 APPPATH\Controllers\Konsultasi.php(173): view('konsultasi/hasil', [...])
 6 SYSTEMPATH\CodeIgniter.php(925): App\Controllers\Konsultasi->hasil('1')
 7 SYSTEMPATH\CodeIgniter.php(480): CodeIgniter\CodeIgniter->runController(Object(App\Controllers\Konsultasi))
 8 SYSTEMPATH\CodeIgniter.php(349): CodeIgniter\CodeIgniter->handleRequest(null, Object(Config\Cache), false)
 9 FCPATH\index.php(67): CodeIgniter\CodeIgniter->run()
10 SYSTEMPATH\Commands\Server\rewrite.php(47): require_once('FCPATH\\index.php')
CRITICAL - 2023-01-24 21:06:02 --> Undefined property: stdClass::$nama_sikap
in APPPATH\Views\konsultasi\hasil.php on line 72.
 1 APPPATH\Views\konsultasi\hasil.php(72): CodeIgniter\Debug\Exceptions->errorHandler(2, 'Undefined property: stdClass::$nama_sikap', 'APPPATH\\Views\\konsultasi\\hasil.php', 72)
 2 SYSTEMPATH\View\View.php(213): include('APPPATH\\Views\\konsultasi\\hasil.php')
 3 SYSTEMPATH\View\View.php(216): CodeIgniter\View\View->CodeIgniter\View\{closure}()
 4 SYSTEMPATH\Common.php(1135): CodeIgniter\View\View->render('konsultasi/hasil', [], true)
 5 APPPATH\Controllers\Konsultasi.php(173): view('konsultasi/hasil', [...])
 6 SYSTEMPATH\CodeIgniter.php(925): App\Controllers\Konsultasi->hasil('1')
 7 SYSTEMPATH\CodeIgniter.php(480): CodeIgniter\CodeIgniter->runController(Object(App\Controllers\Konsultasi))
 8 SYSTEMPATH\CodeIgniter.php(349): CodeIgniter\CodeIgniter->handleRequest(null, Object(Config\Cache), false)
 9 FCPATH\index.php(67): CodeIgniter\CodeIgniter->run()
10 SYSTEMPATH\Commands\Server\rewrite.php(47): require_once('FCPATH\\index.php')
CRITICAL - 2023-01-24 21:06:03 --> Undefined property: stdClass::$nama_sikap
in APPPATH\Views\konsultasi\hasil.php on line 72.
 1 APPPATH\Views\konsultasi\hasil.php(72): CodeIgniter\Debug\Exceptions->errorHandler(2, 'Undefined property: stdClass::$nama_sikap', 'APPPATH\\Views\\konsultasi\\hasil.php', 72)
 2 SYSTEMPATH\View\View.php(213): include('APPPATH\\Views\\konsultasi\\hasil.php')
 3 SYSTEMPATH\View\View.php(216): CodeIgniter\View\View->CodeIgniter\View\{closure}()
 4 SYSTEMPATH\Common.php(1135): CodeIgniter\View\View->render('konsultasi/hasil', [], true)
 5 APPPATH\Controllers\Konsultasi.php(173): view('konsultasi/hasil', [...])
 6 SYSTEMPATH\CodeIgniter.php(925): App\Controllers\Konsultasi->hasil('1')
 7 SYSTEMPATH\CodeIgniter.php(480): CodeIgniter\CodeIgniter->runController(Object(App\Controllers\Konsultasi))
 8 SYSTEMPATH\CodeIgniter.php(349): CodeIgniter\CodeIgniter->handleRequest(null, Object(Config\Cache), false)
 9 FCPATH\index.php(67): CodeIgniter\CodeIgniter->run()
10 SYSTEMPATH\Commands\Server\rewrite.php(47): require_once('FCPATH\\index.php')
ERROR - 2023-01-24 21:07:09 --> mysqli_sql_exception: Column 'kode_sikap' in order clause is ambiguous in D:\php\htdocs\smoove\system\Database\MySQLi\Connection.php:292
Stack trace:
#0 D:\php\htdocs\smoove\system\Database\MySQLi\Connection.php(292): mysqli->query('SELECT *\nFROM `...', 0)
#1 D:\php\htdocs\smoove\system\Database\BaseConnection.php(666): CodeIgniter\Database\MySQLi\Connection->execute('SELECT *\nFROM `...')
#2 D:\php\htdocs\smoove\system\Database\BaseConnection.php(593): CodeIgniter\Database\BaseConnection->simpleQuery('SELECT *\nFROM `...')
#3 D:\php\htdocs\smoove\system\Database\BaseBuilder.php(1585): CodeIgniter\Database\BaseConnection->query('SELECT *\nFROM `...', Array, false)
#4 D:\php\htdocs\smoove\app\Models\PilihanModel.php(73): CodeIgniter\Database\BaseBuilder->get()
#5 D:\php\htdocs\smoove\app\Controllers\Konsultasi.php(122): App\Models\PilihanModel->findByRiwayat('1')
#6 D:\php\htdocs\smoove\system\CodeIgniter.php(925): App\Controllers\Konsultasi->hasil('1')
#7 D:\php\htdocs\smoove\system\CodeIgniter.php(480): CodeIgniter\CodeIgniter->runController(Object(App\Controllers\Konsultasi))
#8 D:\php\htdocs\smoove\system\CodeIgniter.php(349): CodeIgniter\CodeIgniter->handleRequest(NULL, Object(Config\Cache), false)
#9 D:\php\htdocs\smoove\public\index.php(67): CodeIgniter\CodeIgniter->run()
#10 D:\php\htdocs\smoove\system\Commands\Server\rewrite.php(47): require_once('D:\\php\\htdocs\\s...')
#11 {main}
CRITICAL - 2023-01-24 21:07:09 --> Call to a member function getResult() on bool
in APPPATH\Models\PilihanModel.php on line 74.
 1 APPPATH\Controllers\Konsultasi.php(122): App\Models\PilihanModel->findByRiwayat('1')
 2 SYSTEMPATH\CodeIgniter.php(925): App\Controllers\Konsultasi->hasil('1')
 3 SYSTEMPATH\CodeIgniter.php(480): CodeIgniter\CodeIgniter->runController(Object(App\Controllers\Konsultasi))
 4 SYSTEMPATH\CodeIgniter.php(349): CodeIgniter\CodeIgniter->handleRequest(null, Object(Config\Cache), false)
 5 FCPATH\index.php(67): CodeIgniter\CodeIgniter->run()
 6 SYSTEMPATH\Commands\Server\rewrite.php(47): require_once('FCPATH\\index.php')
ERROR - 2023-01-24 21:07:18 --> mysqli_sql_exception: Column 'kode_sikap' in order clause is ambiguous in D:\php\htdocs\smoove\system\Database\MySQLi\Connection.php:292
Stack trace:
#0 D:\php\htdocs\smoove\system\Database\MySQLi\Connection.php(292): mysqli->query('SELECT *\nFROM `...', 0)
#1 D:\php\htdocs\smoove\system\Database\BaseConnection.php(666): CodeIgniter\Database\MySQLi\Connection->execute('SELECT *\nFROM `...')
#2 D:\php\htdocs\smoove\system\Database\BaseConnection.php(593): CodeIgniter\Database\BaseConnection->simpleQuery('SELECT *\nFROM `...')
#3 D:\php\htdocs\smoove\system\Database\BaseBuilder.php(1585): CodeIgniter\Database\BaseConnection->query('SELECT *\nFROM `...', Array, false)
#4 D:\php\htdocs\smoove\app\Models\PilihanModel.php(73): CodeIgniter\Database\BaseBuilder->get()
#5 D:\php\htdocs\smoove\app\Controllers\Konsultasi.php(122): App\Models\PilihanModel->findByRiwayat('1')
#6 D:\php\htdocs\smoove\system\CodeIgniter.php(925): App\Controllers\Konsultasi->hasil('1')
#7 D:\php\htdocs\smoove\system\CodeIgniter.php(480): CodeIgniter\CodeIgniter->runController(Object(App\Controllers\Konsultasi))
#8 D:\php\htdocs\smoove\system\CodeIgniter.php(349): CodeIgniter\CodeIgniter->handleRequest(NULL, Object(Config\Cache), false)
#9 D:\php\htdocs\smoove\public\index.php(67): CodeIgniter\CodeIgniter->run()
#10 D:\php\htdocs\smoove\system\Commands\Server\rewrite.php(47): require_once('D:\\php\\htdocs\\s...')
#11 {main}
CRITICAL - 2023-01-24 21:07:18 --> Call to a member function getResult() on bool
in APPPATH\Models\PilihanModel.php on line 74.
 1 APPPATH\Controllers\Konsultasi.php(122): App\Models\PilihanModel->findByRiwayat('1')
 2 SYSTEMPATH\CodeIgniter.php(925): App\Controllers\Konsultasi->hasil('1')
 3 SYSTEMPATH\CodeIgniter.php(480): CodeIgniter\CodeIgniter->runController(Object(App\Controllers\Konsultasi))
 4 SYSTEMPATH\CodeIgniter.php(349): CodeIgniter\CodeIgniter->handleRequest(null, Object(Config\Cache), false)
 5 FCPATH\index.php(67): CodeIgniter\CodeIgniter->run()
 6 SYSTEMPATH\Commands\Server\rewrite.php(47): require_once('FCPATH\\index.php')
ERROR - 2023-01-24 21:08:18 --> mysqli_sql_exception: Column 'kode_sikap' in order clause is ambiguous in D:\php\htdocs\smoove\system\Database\MySQLi\Connection.php:292
Stack trace:
#0 D:\php\htdocs\smoove\system\Database\MySQLi\Connection.php(292): mysqli->query('SELECT *\nFROM `...', 0)
#1 D:\php\htdocs\smoove\system\Database\BaseConnection.php(666): CodeIgniter\Database\MySQLi\Connection->execute('SELECT *\nFROM `...')
#2 D:\php\htdocs\smoove\system\Database\BaseConnection.php(593): CodeIgniter\Database\BaseConnection->simpleQuery('SELECT *\nFROM `...')
#3 D:\php\htdocs\smoove\system\Database\BaseBuilder.php(1585): CodeIgniter\Database\BaseConnection->query('SELECT *\nFROM `...', Array, false)
#4 D:\php\htdocs\smoove\app\Models\PilihanModel.php(73): CodeIgniter\Database\BaseBuilder->get()
#5 D:\php\htdocs\smoove\app\Controllers\Konsultasi.php(122): App\Models\PilihanModel->findByRiwayat('1')
#6 D:\php\htdocs\smoove\system\CodeIgniter.php(925): App\Controllers\Konsultasi->hasil('1')
#7 D:\php\htdocs\smoove\system\CodeIgniter.php(480): CodeIgniter\CodeIgniter->runController(Object(App\Controllers\Konsultasi))
#8 D:\php\htdocs\smoove\system\CodeIgniter.php(349): CodeIgniter\CodeIgniter->handleRequest(NULL, Object(Config\Cache), false)
#9 D:\php\htdocs\smoove\public\index.php(67): CodeIgniter\CodeIgniter->run()
#10 D:\php\htdocs\smoove\system\Commands\Server\rewrite.php(47): require_once('D:\\php\\htdocs\\s...')
#11 {main}
CRITICAL - 2023-01-24 21:08:18 --> Call to a member function getResult() on bool
in APPPATH\Models\PilihanModel.php on line 74.
 1 APPPATH\Controllers\Konsultasi.php(122): App\Models\PilihanModel->findByRiwayat('1')
 2 SYSTEMPATH\CodeIgniter.php(925): App\Controllers\Konsultasi->hasil('1')
 3 SYSTEMPATH\CodeIgniter.php(480): CodeIgniter\CodeIgniter->runController(Object(App\Controllers\Konsultasi))
 4 SYSTEMPATH\CodeIgniter.php(349): CodeIgniter\CodeIgniter->handleRequest(null, Object(Config\Cache), false)
 5 FCPATH\index.php(67): CodeIgniter\CodeIgniter->run()
 6 SYSTEMPATH\Commands\Server\rewrite.php(47): require_once('FCPATH\\index.php')
ERROR - 2023-01-24 21:08:36 --> mysqli_sql_exception: Column 'kode_sikap' in order clause is ambiguous in D:\php\htdocs\smoove\system\Database\MySQLi\Connection.php:292
Stack trace:
#0 D:\php\htdocs\smoove\system\Database\MySQLi\Connection.php(292): mysqli->query('SELECT *\nFROM `...', 0)
#1 D:\php\htdocs\smoove\system\Database\BaseConnection.php(666): CodeIgniter\Database\MySQLi\Connection->execute('SELECT *\nFROM `...')
#2 D:\php\htdocs\smoove\system\Database\BaseConnection.php(593): CodeIgniter\Database\BaseConnection->simpleQuery('SELECT *\nFROM `...')
#3 D:\php\htdocs\smoove\system\Database\BaseBuilder.php(1585): CodeIgniter\Database\BaseConnection->query('SELECT *\nFROM `...', Array, false)
#4 D:\php\htdocs\smoove\app\Models\PilihanModel.php(73): CodeIgniter\Database\BaseBuilder->get()
#5 D:\php\htdocs\smoove\app\Controllers\Konsultasi.php(122): App\Models\PilihanModel->findByRiwayat('1')
#6 D:\php\htdocs\smoove\system\CodeIgniter.php(925): App\Controllers\Konsultasi->hasil('1')
#7 D:\php\htdocs\smoove\system\CodeIgniter.php(480): CodeIgniter\CodeIgniter->runController(Object(App\Controllers\Konsultasi))
#8 D:\php\htdocs\smoove\system\CodeIgniter.php(349): CodeIgniter\CodeIgniter->handleRequest(NULL, Object(Config\Cache), false)
#9 D:\php\htdocs\smoove\public\index.php(67): CodeIgniter\CodeIgniter->run()
#10 D:\php\htdocs\smoove\system\Commands\Server\rewrite.php(47): require_once('D:\\php\\htdocs\\s...')
#11 {main}
CRITICAL - 2023-01-24 21:08:36 --> Call to a member function getResult() on bool
in APPPATH\Models\PilihanModel.php on line 74.
 1 APPPATH\Controllers\Konsultasi.php(122): App\Models\PilihanModel->findByRiwayat('1')
 2 SYSTEMPATH\CodeIgniter.php(925): App\Controllers\Konsultasi->hasil('1')
 3 SYSTEMPATH\CodeIgniter.php(480): CodeIgniter\CodeIgniter->runController(Object(App\Controllers\Konsultasi))
 4 SYSTEMPATH\CodeIgniter.php(349): CodeIgniter\CodeIgniter->handleRequest(null, Object(Config\Cache), false)
 5 FCPATH\index.php(67): CodeIgniter\CodeIgniter->run()
 6 SYSTEMPATH\Commands\Server\rewrite.php(47): require_once('FCPATH\\index.php')
ERROR - 2023-01-24 21:08:37 --> mysqli_sql_exception: Column 'kode_sikap' in order clause is ambiguous in D:\php\htdocs\smoove\system\Database\MySQLi\Connection.php:292
Stack trace:
#0 D:\php\htdocs\smoove\system\Database\MySQLi\Connection.php(292): mysqli->query('SELECT *\nFROM `...', 0)
#1 D:\php\htdocs\smoove\system\Database\BaseConnection.php(666): CodeIgniter\Database\MySQLi\Connection->execute('SELECT *\nFROM `...')
#2 D:\php\htdocs\smoove\system\Database\BaseConnection.php(593): CodeIgniter\Database\BaseConnection->simpleQuery('SELECT *\nFROM `...')
#3 D:\php\htdocs\smoove\system\Database\BaseBuilder.php(1585): CodeIgniter\Database\BaseConnection->query('SELECT *\nFROM `...', Array, false)
#4 D:\php\htdocs\smoove\app\Models\PilihanModel.php(73): CodeIgniter\Database\BaseBuilder->get()
#5 D:\php\htdocs\smoove\app\Controllers\Konsultasi.php(122): App\Models\PilihanModel->findByRiwayat('1')
#6 D:\php\htdocs\smoove\system\CodeIgniter.php(925): App\Controllers\Konsultasi->hasil('1')
#7 D:\php\htdocs\smoove\system\CodeIgniter.php(480): CodeIgniter\CodeIgniter->runController(Object(App\Controllers\Konsultasi))
#8 D:\php\htdocs\smoove\system\CodeIgniter.php(349): CodeIgniter\CodeIgniter->handleRequest(NULL, Object(Config\Cache), false)
#9 D:\php\htdocs\smoove\public\index.php(67): CodeIgniter\CodeIgniter->run()
#10 D:\php\htdocs\smoove\system\Commands\Server\rewrite.php(47): require_once('D:\\php\\htdocs\\s...')
#11 {main}
CRITICAL - 2023-01-24 21:08:37 --> Call to a member function getResult() on bool
in APPPATH\Models\PilihanModel.php on line 74.
 1 APPPATH\Controllers\Konsultasi.php(122): App\Models\PilihanModel->findByRiwayat('1')
 2 SYSTEMPATH\CodeIgniter.php(925): App\Controllers\Konsultasi->hasil('1')
 3 SYSTEMPATH\CodeIgniter.php(480): CodeIgniter\CodeIgniter->runController(Object(App\Controllers\Konsultasi))
 4 SYSTEMPATH\CodeIgniter.php(349): CodeIgniter\CodeIgniter->handleRequest(null, Object(Config\Cache), false)
 5 FCPATH\index.php(67): CodeIgniter\CodeIgniter->run()
 6 SYSTEMPATH\Commands\Server\rewrite.php(47): require_once('FCPATH\\index.php')
CRITICAL - 2023-01-24 21:09:39 --> Undefined variable $i
in APPPATH\Views\konsultasi\hasil.php on line 71.
 1 APPPATH\Views\konsultasi\hasil.php(71): CodeIgniter\Debug\Exceptions->errorHandler(2, 'Undefined variable $i', 'APPPATH\\Views\\konsultasi\\hasil.php', 71)
 2 SYSTEMPATH\View\View.php(213): include('APPPATH\\Views\\konsultasi\\hasil.php')
 3 SYSTEMPATH\View\View.php(216): CodeIgniter\View\View->CodeIgniter\View\{closure}()
 4 SYSTEMPATH\Common.php(1135): CodeIgniter\View\View->render('konsultasi/hasil', [], true)
 5 APPPATH\Controllers\Konsultasi.php(173): view('konsultasi/hasil', [...])
 6 SYSTEMPATH\CodeIgniter.php(925): App\Controllers\Konsultasi->hasil('1')
 7 SYSTEMPATH\CodeIgniter.php(480): CodeIgniter\CodeIgniter->runController(Object(App\Controllers\Konsultasi))
 8 SYSTEMPATH\CodeIgniter.php(349): CodeIgniter\CodeIgniter->handleRequest(null, Object(Config\Cache), false)
 9 FCPATH\index.php(67): CodeIgniter\CodeIgniter->run()
10 SYSTEMPATH\Commands\Server\rewrite.php(47): require_once('FCPATH\\index.php')
CRITICAL - 2023-01-24 21:09:40 --> Undefined variable $i
in APPPATH\Views\konsultasi\hasil.php on line 71.
 1 APPPATH\Views\konsultasi\hasil.php(71): CodeIgniter\Debug\Exceptions->errorHandler(2, 'Undefined variable $i', 'APPPATH\\Views\\konsultasi\\hasil.php', 71)
 2 SYSTEMPATH\View\View.php(213): include('APPPATH\\Views\\konsultasi\\hasil.php')
 3 SYSTEMPATH\View\View.php(216): CodeIgniter\View\View->CodeIgniter\View\{closure}()
 4 SYSTEMPATH\Common.php(1135): CodeIgniter\View\View->render('konsultasi/hasil', [], true)
 5 APPPATH\Controllers\Konsultasi.php(173): view('konsultasi/hasil', [...])
 6 SYSTEMPATH\CodeIgniter.php(925): App\Controllers\Konsultasi->hasil('1')
 7 SYSTEMPATH\CodeIgniter.php(480): CodeIgniter\CodeIgniter->runController(Object(App\Controllers\Konsultasi))
 8 SYSTEMPATH\CodeIgniter.php(349): CodeIgniter\CodeIgniter->handleRequest(null, Object(Config\Cache), false)
 9 FCPATH\index.php(67): CodeIgniter\CodeIgniter->run()
10 SYSTEMPATH\Commands\Server\rewrite.php(47): require_once('FCPATH\\index.php')
CRITICAL - 2023-01-24 21:09:40 --> Undefined variable $i
in APPPATH\Views\konsultasi\hasil.php on line 71.
 1 APPPATH\Views\konsultasi\hasil.php(71): CodeIgniter\Debug\Exceptions->errorHandler(2, 'Undefined variable $i', 'APPPATH\\Views\\konsultasi\\hasil.php', 71)
 2 SYSTEMPATH\View\View.php(213): include('APPPATH\\Views\\konsultasi\\hasil.php')
 3 SYSTEMPATH\View\View.php(216): CodeIgniter\View\View->CodeIgniter\View\{closure}()
 4 SYSTEMPATH\Common.php(1135): CodeIgniter\View\View->render('konsultasi/hasil', [], true)
 5 APPPATH\Controllers\Konsultasi.php(173): view('konsultasi/hasil', [...])
 6 SYSTEMPATH\CodeIgniter.php(925): App\Controllers\Konsultasi->hasil('1')
 7 SYSTEMPATH\CodeIgniter.php(480): CodeIgniter\CodeIgniter->runController(Object(App\Controllers\Konsultasi))
 8 SYSTEMPATH\CodeIgniter.php(349): CodeIgniter\CodeIgniter->handleRequest(null, Object(Config\Cache), false)
 9 FCPATH\index.php(67): CodeIgniter\CodeIgniter->run()
10 SYSTEMPATH\Commands\Server\rewrite.php(47): require_once('FCPATH\\index.php')
CRITICAL - 2023-01-24 21:09:41 --> Undefined variable $i
in APPPATH\Views\konsultasi\hasil.php on line 71.
 1 APPPATH\Views\konsultasi\hasil.php(71): CodeIgniter\Debug\Exceptions->errorHandler(2, 'Undefined variable $i', 'APPPATH\\Views\\konsultasi\\hasil.php', 71)
 2 SYSTEMPATH\View\View.php(213): include('APPPATH\\Views\\konsultasi\\hasil.php')
 3 SYSTEMPATH\View\View.php(216): CodeIgniter\View\View->CodeIgniter\View\{closure}()
 4 SYSTEMPATH\Common.php(1135): CodeIgniter\View\View->render('konsultasi/hasil', [], true)
 5 APPPATH\Controllers\Konsultasi.php(173): view('konsultasi/hasil', [...])
 6 SYSTEMPATH\CodeIgniter.php(925): App\Controllers\Konsultasi->hasil('1')
 7 SYSTEMPATH\CodeIgniter.php(480): CodeIgniter\CodeIgniter->runController(Object(App\Controllers\Konsultasi))
 8 SYSTEMPATH\CodeIgniter.php(349): CodeIgniter\CodeIgniter->handleRequest(null, Object(Config\Cache), false)
 9 FCPATH\index.php(67): CodeIgniter\CodeIgniter->run()
10 SYSTEMPATH\Commands\Server\rewrite.php(47): require_once('FCPATH\\index.php')
CRITICAL - 2023-01-24 21:09:41 --> Undefined variable $i
in APPPATH\Views\konsultasi\hasil.php on line 71.
 1 APPPATH\Views\konsultasi\hasil.php(71): CodeIgniter\Debug\Exceptions->errorHandler(2, 'Undefined variable $i', 'APPPATH\\Views\\konsultasi\\hasil.php', 71)
 2 SYSTEMPATH\View\View.php(213): include('APPPATH\\Views\\konsultasi\\hasil.php')
 3 SYSTEMPATH\View\View.php(216): CodeIgniter\View\View->CodeIgniter\View\{closure}()
 4 SYSTEMPATH\Common.php(1135): CodeIgniter\View\View->render('konsultasi/hasil', [], true)
 5 APPPATH\Controllers\Konsultasi.php(173): view('konsultasi/hasil', [...])
 6 SYSTEMPATH\CodeIgniter.php(925): App\Controllers\Konsultasi->hasil('1')
 7 SYSTEMPATH\CodeIgniter.php(480): CodeIgniter\CodeIgniter->runController(Object(App\Controllers\Konsultasi))
 8 SYSTEMPATH\CodeIgniter.php(349): CodeIgniter\CodeIgniter->handleRequest(null, Object(Config\Cache), false)
 9 FCPATH\index.php(67): CodeIgniter\CodeIgniter->run()
10 SYSTEMPATH\Commands\Server\rewrite.php(47): require_once('FCPATH\\index.php')
