CRITICAL - 2023-01-03 21:04:42 --> Undefined property: stdClass::$nilai
in APPPATH\Views\riwayat\index.php on line 68.
 1 APPPATH\Views\riwayat\index.php(68): CodeIgniter\Debug\Exceptions->errorHandler(2, 'Undefined property: stdClass::$nilai', 'APPPATH\\Views\\riwayat\\index.php', 68)
 2 SYSTEMPATH\View\View.php(213): include('APPPATH\\Views\\riwayat\\index.php')
 3 SYSTEMPATH\View\View.php(216): CodeIgniter\View\View->CodeIgniter\View\{closure}()
 4 SYSTEMPATH\Common.php(1135): CodeIgniter\View\View->render('riwayat/index', [], true)
 5 APPPATH\Controllers\Riwayat.php(27): view('riwayat/index', [...])
 6 SYSTEMPATH\CodeIgniter.php(925): App\Controllers\Riwayat->index()
 7 SYSTEMPATH\CodeIgniter.php(480): CodeIgniter\CodeIgniter->runController(Object(App\Controllers\Riwayat))
 8 SYSTEMPATH\CodeIgniter.php(349): CodeIgniter\CodeIgniter->handleRequest(null, Object(Config\Cache), false)
 9 FCPATH\index.php(67): CodeIgniter\CodeIgniter->run()
10 SYSTEMPATH\Commands\Server\rewrite.php(47): require_once('FCPATH\\index.php')
CRITICAL - 2023-01-03 21:10:51 --> Attempt to read property "nama_permasalahan" on null
in APPPATH\Controllers\Konsultasi.php on line 165.
 1 APPPATH\Controllers\Konsultasi.php(165): CodeIgniter\Debug\Exceptions->errorHandler(2, 'Attempt to read property "nama_permasalahan" on null', 'APPPATH\\Controllers\\Konsultasi.php', 165)
 2 SYSTEMPATH\CodeIgniter.php(925): App\Controllers\Konsultasi->hasil('2')
 3 SYSTEMPATH\CodeIgniter.php(480): CodeIgniter\CodeIgniter->runController(Object(App\Controllers\Konsultasi))
 4 SYSTEMPATH\CodeIgniter.php(349): CodeIgniter\CodeIgniter->handleRequest(null, Object(Config\Cache), false)
 5 FCPATH\index.php(67): CodeIgniter\CodeIgniter->run()
 6 SYSTEMPATH\Commands\Server\rewrite.php(47): require_once('FCPATH\\index.php')
CRITICAL - 2023-01-03 21:14:42 --> Call to undefined method CodeIgniter\Database\MySQLi\Builder::leftJoin()
in APPPATH\Models\RiwayatModel.php on line 49.
 1 APPPATH\Controllers\Riwayat.php(26): App\Models\RiwayatModel->loadAll()
 2 SYSTEMPATH\CodeIgniter.php(925): App\Controllers\Riwayat->index()
 3 SYSTEMPATH\CodeIgniter.php(480): CodeIgniter\CodeIgniter->runController(Object(App\Controllers\Riwayat))
 4 SYSTEMPATH\CodeIgniter.php(349): CodeIgniter\CodeIgniter->handleRequest(null, Object(Config\Cache), false)
 5 FCPATH\index.php(67): CodeIgniter\CodeIgniter->run()
 6 SYSTEMPATH\Commands\Server\rewrite.php(47): require_once('FCPATH\\index.php')
